ProductID   total_quantity
----------- --------------
1           761
2           791
3           909
4           900
316         532
317         593
319         797
320         1136
321         1750
322         1684
323         1684
324         1629
325         1210
326         1097
328         1044
329         1025
330         1005
331         831
350         719
355         546
356         518
367         643
371         585
376         585
383         587
385         619
398         550
399         544
445         616
446         611
447         606
448         601
449         596
450         592
451         595
452         598
453         601
454         604
455         608
456         611
457         614
458         617
459         620
460         624
461         521
463         566
464         568
465         569
466         571
467         572
468         574
469         576
470         577
471         579
472         580
473         582
474         584
475         585
478         622
479         639
480         1146
481         623
802         513
803         526
804         538
945         506
949         620
950         633
951         645
952         589

(70 rows affected)


Completion time: 2025-12-03T15:38:20.2173043+02:00
