SalesOrderID TotalCost
------------ ---------------------
43875        122744,1667
43884        116248,4897
44518        127099,9957
44528        108783,5872
44530        104960,0101
44795        104588,713
46066        100378,9078
46067        101857,213
46607        121037,4456
46616        153432,0611
46643        110830,3608
46645        101373,1246
46660        119415,1966
46981        149533,7021
47018        107991,0123
47027        105375,2251
47355        130185,6757
47369        141523,9277
47395        148015,563
47400        103584,9619
47416        103862,6902
47441        113726,7442
47451        102392,5489
47455        112722,8945
47990        100216,5341
48336        100857,053
50289        105310,5088
50297        103362,3362
50683        105042,0733
51126        116784,6813
51131        175753,2124
51711        101678,3752
51739        111554,8469
51761        105953,0661
51783        107930,2984
51822        130410,8264
51823        107064,1369
51830        112773,4954
51857        100922,1541
51858        131627,6912
53460        107034,7757
53506        106207,0575
53535        106905,1185
53573        116814,1379
53621        107106,2094
55254        105239,481
55282        166854,4198
57105        111498,8739
57150        122285,724
57186        112300,269
63284        108184,104
63291        106449,376
67298        102725,7261
67305        116730,5579
69508        106268,238
69531        112312,554
69535        109694,4972

(57 rows affected)


Completion time: 2025-12-09T09:26:29.0758300+02:00
