ProductID   Name                                               Color
----------- -------------------------------------------------- ---------------
1           Adjustable Race                                    NULL
2           Bearing Ball                                       NULL
3           BB Ball Bearing                                    NULL
4           Headset Ball Bearings                              NULL
316         Blade                                              NULL
317         LL Crankarm                                        Black
318         ML Crankarm                                        Black
319         HL Crankarm                                        Black
320         Chainring Bolts                                    Silver
321         Chainring Nut                                      Silver
322         Chainring                                          Black
323         Crown Race                                         NULL
324         Chain Stays                                        NULL
325         Decal 1                                            NULL
326         Decal 2                                            NULL
327         Down Tube                                          NULL
328         Mountain End Caps                                  NULL
329         Road End Caps                                      NULL
330         Touring End Caps                                   NULL
331         Fork End                                           NULL
332         Freewheel                                          Silver
341         Flat Washer 1                                      NULL
342         Flat Washer 6                                      NULL
343         Flat Washer 2                                      NULL
344         Flat Washer 9                                      NULL
345         Flat Washer 4                                      NULL
346         Flat Washer 3                                      NULL
347         Flat Washer 8                                      NULL
348         Flat Washer 5                                      NULL
349         Flat Washer 7                                      NULL
350         Fork Crown                                         NULL
351         Front Derailleur Cage                              Silver
352         Front Derailleur Linkage                           Silver
355         Guide Pulley                                       NULL
356         LL Grip Tape                                       NULL
357         ML Grip Tape                                       NULL
358         HL Grip Tape                                       NULL
359         Thin-Jam Hex Nut 9                                 NULL
360         Thin-Jam Hex Nut 10                                NULL
361         Thin-Jam Hex Nut 1                                 NULL
362         Thin-Jam Hex Nut 2                                 NULL
363         Thin-Jam Hex Nut 15                                NULL
364         Thin-Jam Hex Nut 16                                NULL
365         Thin-Jam Hex Nut 5                                 NULL
366         Thin-Jam Hex Nut 6                                 NULL
367         Thin-Jam Hex Nut 3                                 NULL
368         Thin-Jam Hex Nut 4                                 NULL
369         Thin-Jam Hex Nut 13                                NULL
370         Thin-Jam Hex Nut 14                                NULL
371         Thin-Jam Hex Nut 7                                 NULL
372         Thin-Jam Hex Nut 8                                 NULL
373         Thin-Jam Hex Nut 12                                NULL
374         Thin-Jam Hex Nut 11                                NULL
375         Hex Nut 5                                          NULL
376         Hex Nut 6                                          NULL
377         Hex Nut 16                                         NULL
378         Hex Nut 17                                         NULL
379         Hex Nut 7                                          NULL
380         Hex Nut 8                                          NULL
381         Hex Nut 9                                          NULL
382         Hex Nut 22                                         NULL
383         Hex Nut 23                                         NULL
384         Hex Nut 12                                         NULL
385         Hex Nut 13                                         NULL
386         Hex Nut 1                                          NULL
387         Hex Nut 10                                         NULL
388         Hex Nut 11                                         NULL
389         Hex Nut 2                                          NULL
390         Hex Nut 20                                         NULL
391         Hex Nut 21                                         NULL
392         Hex Nut 3                                          NULL
393         Hex Nut 14                                         NULL
394         Hex Nut 15                                         NULL
395         Hex Nut 4                                          NULL
396         Hex Nut 18                                         NULL
397         Hex Nut 19                                         NULL
398         Handlebar Tube                                     NULL
399         Head Tube                                          NULL
400         LL Hub                                             NULL
401         HL Hub                                             NULL
402         Keyed Washer                                       NULL
403         External Lock Washer 3                             NULL
404         External Lock Washer 4                             NULL
405         External Lock Washer 9                             NULL
406         External Lock Washer 5                             NULL
407         External Lock Washer 7                             NULL
408         External Lock Washer 6                             NULL
409         External Lock Washer 1                             NULL
410         External Lock Washer 8                             NULL
411         External Lock Washer 2                             NULL
412         Internal Lock Washer 3                             NULL
413         Internal Lock Washer 4                             NULL
414         Internal Lock Washer 9                             NULL
415         Internal Lock Washer 5                             NULL
416         Internal Lock Washer 7                             NULL
417         Internal Lock Washer 6                             NULL
418         Internal Lock Washer 10                            NULL
419         Internal Lock Washer 1                             NULL
420         Internal Lock Washer 8                             NULL
421         Internal Lock Washer 2                             NULL
422         Thin-Jam Lock Nut 9                                NULL
423         Thin-Jam Lock Nut 10                               NULL
424         Thin-Jam Lock Nut 1                                NULL
425         Thin-Jam Lock Nut 2                                NULL
426         Thin-Jam Lock Nut 15                               NULL
427         Thin-Jam Lock Nut 16                               NULL
428         Thin-Jam Lock Nut 5                                NULL
429         Thin-Jam Lock Nut 6                                NULL
430         Thin-Jam Lock Nut 3                                NULL
431         Thin-Jam Lock Nut 4                                NULL
432         Thin-Jam Lock Nut 13                               NULL
433         Thin-Jam Lock Nut 14                               NULL
434         Thin-Jam Lock Nut 7                                NULL
435         Thin-Jam Lock Nut 8                                NULL
436         Thin-Jam Lock Nut 12                               NULL
437         Thin-Jam Lock Nut 11                               NULL
438         Lock Nut 5                                         NULL
439         Lock Nut 6                                         NULL
440         Lock Nut 16                                        NULL
441         Lock Nut 17                                        NULL
442         Lock Nut 7                                         NULL
443         Lock Nut 8                                         NULL
444         Lock Nut 9                                         NULL
445         Lock Nut 22                                        NULL
446         Lock Nut 23                                        NULL
447         Lock Nut 12                                        NULL
448         Lock Nut 13                                        NULL
449         Lock Nut 1                                         NULL
450         Lock Nut 10                                        NULL
451         Lock Nut 11                                        NULL
452         Lock Nut 2                                         NULL
453         Lock Nut 20                                        NULL
454         Lock Nut 21                                        NULL
455         Lock Nut 3                                         NULL
456         Lock Nut 14                                        NULL
457         Lock Nut 15                                        NULL
458         Lock Nut 4                                         NULL
459         Lock Nut 19                                        NULL
460         Lock Nut 18                                        NULL
461         Lock Ring                                          Silver
462         Lower Head Race                                    NULL
463         Lock Washer 4                                      NULL
464         Lock Washer 5                                      NULL
465         Lock Washer 10                                     NULL
466         Lock Washer 6                                      NULL
467         Lock Washer 13                                     NULL
468         Lock Washer 8                                      NULL
469         Lock Washer 1                                      NULL
470         Lock Washer 7                                      NULL
471         Lock Washer 12                                     NULL
472         Lock Washer 2                                      NULL
473         Lock Washer 9                                      NULL
474         Lock Washer 3                                      NULL
475         Lock Washer 11                                     NULL
476         Metal Angle                                        NULL
477         Metal Bar 1                                        NULL
478         Metal Bar 2                                        NULL
479         Metal Plate 2                                      NULL
480         Metal Plate 1                                      NULL
481         Metal Plate 3                                      NULL
482         Metal Sheet 2                                      NULL
483         Metal Sheet 3                                      NULL
484         Metal Sheet 7                                      NULL
485         Metal Sheet 4                                      NULL
486         Metal Sheet 5                                      NULL
487         Metal Sheet 6                                      NULL
488         Metal Sheet 1                                      NULL
489         Metal Tread Plate                                  NULL
490         LL Nipple                                          NULL
491         HL Nipple                                          NULL
492         Paint - Black                                      NULL
493         Paint - Red                                        NULL
494         Paint - Silver                                     NULL
495         Paint - Blue                                       NULL
496         Paint - Yellow                                     NULL
497         Pinch Bolt                                         NULL
504         Cup-Shaped Race                                    NULL
505         Cone-Shaped Race                                   NULL
506         Reflector                                          NULL
507         LL Mountain Rim                                    NULL
508         ML Mountain Rim                                    NULL
509         HL Mountain Rim                                    NULL
510         LL Road Rim                                        NULL
511         ML Road Rim                                        NULL
512         HL Road Rim                                        NULL
513         Touring Rim                                        NULL
523         LL Spindle/Axle                                    NULL
524         HL Spindle/Axle                                    NULL
525         LL Shell                                           NULL
526         HL Shell                                           NULL
527         Spokes                                             NULL
528         Seat Lug                                           NULL
529         Stem                                               NULL
530         Seat Post                                          NULL
531         Steerer                                            NULL
532         Seat Stays                                         NULL
533         Seat Tube                                          NULL
534         Top Tube                                           NULL
535         Tension Pulley                                     NULL
679         Rear Derailleur Cage                               Silver
873         Patch Kit/8 Patches                                NULL
922         Road Tire Tube                                     NULL
923         Touring Tire Tube                                  NULL
870         Water Bottle - 30 oz.                              NULL
921         Mountain Tire Tube                                 NULL
877         Bike Wash - Dissolver                              NULL
872         Road Bottle Cage                                   NULL
874         Racing Socks, M                                    White
875         Racing Socks, L                                    White
712         AWC Logo Cap                                       Multi
709         Mountain Bike Socks, M                             White
710         Mountain Bike Socks, L                             White
871         Mountain Bottle Cage                               NULL
846         Taillights - Battery-Powered                       NULL
844         Minipump                                           NULL
952         Chain                                              Silver
931         LL Road Tire                                       NULL
878         Fender Set - Mountain                              NULL
858         Half-Finger Gloves, S                              Black
859         Half-Finger Gloves, M                              Black
860         Half-Finger Gloves, L                              Black
845         Mountain Pump                                      NULL
932         ML Road Tire                                       NULL
928         LL Mountain Tire                                   NULL
843         Cable Lock                                         NULL
914         LL Touring Seat/Saddle                             NULL
908         LL Mountain Seat/Saddle                            NULL
911         LL Road Seat/Saddle                                NULL
934         Touring Tire                                       NULL
929         ML Mountain Tire                                   NULL
933         HL Road Tire                                       NULL
805         LL Headset                                         NULL
847         Headlights - Dual-Beam                             NULL
711         Sport-100 Helmet, Blue                             Blue
707         Sport-100 Helmet, Red                              Red
708         Sport-100 Helmet, Black                            Black
930         HL Mountain Tire                                   NULL
861         Full-Finger Gloves, S                              Black
862         Full-Finger Gloves, M                              Black
863         Full-Finger Gloves, L                              Black
915         ML Touring Seat/Saddle                             NULL
912         ML Road Seat/Saddle                                NULL
909         ML Mountain Seat/Saddle                            NULL
935         LL Mountain Pedal                                  Silver/Black
938         LL Road Pedal                                      Silver/Black
811         LL Road Handlebars                                 NULL
808         LL Mountain Handlebars                             NULL
848         Headlights - Weatherproof                          NULL
946         LL Touring Handlebars                              NULL
713         Long-Sleeve Logo Jersey, S                         Multi
714         Long-Sleeve Logo Jersey, M                         Multi
715         Long-Sleeve Logo Jersey, L                         Multi
716         Long-Sleeve Logo Jersey, XL                        Multi
916         HL Touring Seat/Saddle                             NULL
910         HL Mountain Seat/Saddle                            NULL
913         HL Road Seat/Saddle                                NULL
881         Short-Sleeve Classic Jersey, S                     Yellow
882         Short-Sleeve Classic Jersey, M                     Yellow
883         Short-Sleeve Classic Jersey, L                     Yellow
884         Short-Sleeve Classic Jersey, XL                    Yellow
994         LL Bottom Bracket                                  NULL
880         Hydration Pack - 70 oz.                            Silver
841         Men's Sports Shorts, S                             Black
849         Men's Sports Shorts, M                             Black
850         Men's Sports Shorts, L                             Black
851         Men's Sports Shorts, XL                            Black
815         LL Mountain Front Wheel                            Black
809         ML Mountain Handlebars                             NULL
812         ML Road Handlebars                                 NULL
936         ML Mountain Pedal                                  Silver/Black
939         ML Road Pedal                                      Silver/Black
864         Classic Vest, S                                    Blue
865         Classic Vest, M                                    Blue
866         Classic Vest, L                                    Blue
867         Women's Mountain Shorts, S                         Black
868         Women's Mountain Shorts, M                         Black
869         Women's Mountain Shorts, L                         Black
852         Women's Tights, S                                  Black
853         Women's Tights, M                                  Black
854         Women's Tights, L                                  Black
937         HL Mountain Pedal                                  Silver/Black
940         HL Road Pedal                                      Silver/Black
941         Touring Pedal                                      Silver/Black
818         LL Road Front Wheel                                Black
823         LL Mountain Rear Wheel                             Black
855         Men's Bib-Shorts, S                                Multi
856         Men's Bib-Shorts, M                                Multi
857         Men's Bib-Shorts, L                                Multi
945         Front Derailleur                                   Silver
947         HL Touring Handlebars                              NULL
995         ML Bottom Bracket                                  NULL
806         ML Headset                                         NULL
948         Front Brakes                                       Silver
907         Rear Brakes                                        Silver
826         LL Road Rear Wheel                                 Black
876         Hitch Rack - 4-Bike                                NULL
813         HL Road Handlebars                                 NULL
810         HL Mountain Handlebars                             NULL
894         Rear Derailleur                                    Silver
996         HL Bottom Bracket                                  NULL
807         HL Headset                                         NULL
842         Touring-Panniers, Large                            Grey
517         LL Road Seat Assembly                              NULL
520         LL Touring Seat Assembly                           NULL
514         LL Mountain Seat Assembly                          NULL
515         ML Mountain Seat Assembly                          NULL
521         ML Touring Seat Assembly                           NULL
518         ML Road Seat Assembly                              NULL
802         LL Fork                                            NULL
879         All-Purpose Bike Stand                             NULL
949         LL Crankset                                        Black
803         ML Fork                                            NULL
519         HL Road Seat Assembly                              NULL
522         HL Touring Seat Assembly                           NULL
516         HL Mountain Seat Assembly                          NULL
816         ML Mountain Front Wheel                            Black
821         Touring Front Wheel                                Black
804         HL Fork                                            NULL
824         ML Mountain Rear Wheel                             Black
829         Touring Rear Wheel                                 Black
819         ML Road Front Wheel                                Black
943         LL Mountain Frame - Black, 40                      Black
924         LL Mountain Frame - Black, 42                      Black
925         LL Mountain Frame - Black, 44                      Black
926         LL Mountain Frame - Black, 48                      Black
927         LL Mountain Frame - Black, 52                      Black
950         ML Crankset                                        Black
944         LL Mountain Frame - Silver, 40                     Silver
917         LL Mountain Frame - Silver, 42                     Silver
918         LL Mountain Frame - Silver, 44                     Silver
919         LL Mountain Frame - Silver, 48                     Silver
920         LL Mountain Frame - Silver, 52                     Silver
827         ML Road Rear Wheel                                 Black
817         HL Mountain Front Wheel                            Black
825         HL Mountain Rear Wheel                             Black
820         HL Road Front Wheel                                Black
895         LL Touring Frame - Blue, 50                        Blue
896         LL Touring Frame - Blue, 54                        Blue
897         LL Touring Frame - Blue, 58                        Blue
898         LL Touring Frame - Blue, 62                        Blue
899         LL Touring Frame - Yellow, 44                      Yellow
900         LL Touring Frame - Yellow, 50                      Yellow
901         LL Touring Frame - Yellow, 54                      Yellow
902         LL Touring Frame - Yellow, 58                      Yellow
903         LL Touring Frame - Blue, 44                        Blue
886         LL Touring Frame - Yellow, 62                      Yellow
736         LL Road Frame - Black, 44                          Black
737         LL Road Frame - Black, 48                          Black
738         LL Road Frame - Black, 52                          Black
722         LL Road Frame - Black, 58                          Black
723         LL Road Frame - Black, 60                          Black
724         LL Road Frame - Black, 62                          Black
725         LL Road Frame - Red, 44                            Red
726         LL Road Frame - Red, 48                            Red
727         LL Road Frame - Red, 52                            Red
728         LL Road Frame - Red, 58                            Red
729         LL Road Frame - Red, 60                            Red
730         LL Road Frame - Red, 62                            Red
814         ML Mountain Frame - Black, 38                      Black
830         ML Mountain Frame - Black, 40                      Black
831         ML Mountain Frame - Black, 44                      Black
832         ML Mountain Frame - Black, 48                      Black
828         HL Road Rear Wheel                                 Black
904         ML Mountain Frame-W - Silver, 40                   Silver
905         ML Mountain Frame-W - Silver, 42                   Silver
906         ML Mountain Frame-W - Silver, 46                   Silver
942         ML Mountain Frame-W - Silver, 38                   Silver
951         HL Crankset                                        Black
977         Road-750 Black, 58                                 Black
997         Road-750 Black, 44                                 Black
998         Road-750 Black, 48                                 Black
999         Road-750 Black, 52                                 Black
989         Mountain-500 Black, 40                             Black
990         Mountain-500 Black, 42                             Black
991         Mountain-500 Black, 44                             Black
992         Mountain-500 Black, 48                             Black
993         Mountain-500 Black, 52                             Black
984         Mountain-500 Silver, 40                            Silver
985         Mountain-500 Silver, 42                            Silver
986         Mountain-500 Silver, 44                            Silver
987         Mountain-500 Silver, 48                            Silver
988         Mountain-500 Silver, 52                            Silver
822         ML Road Frame-W - Yellow, 38                       Yellow
833         ML Road Frame-W - Yellow, 40                       Yellow
834         ML Road Frame-W - Yellow, 42                       Yellow
835         ML Road Frame-W - Yellow, 44                       Yellow
836         ML Road Frame-W - Yellow, 48                       Yellow
731         ML Road Frame - Red, 44                            Red
732         ML Road Frame - Red, 48                            Red
733         ML Road Frame - Red, 52                            Red
734         ML Road Frame - Red, 58                            Red
735         ML Road Frame - Red, 60                            Red
978         Touring-3000 Blue, 44                              Blue
979         Touring-3000 Blue, 50                              Blue
958         Touring-3000 Blue, 54                              Blue
959         Touring-3000 Blue, 58                              Blue
960         Touring-3000 Blue, 62                              Blue
961         Touring-3000 Yellow, 44                            Yellow
962         Touring-3000 Yellow, 50                            Yellow
963         Touring-3000 Yellow, 54                            Yellow
964         Touring-3000 Yellow, 58                            Yellow
965         Touring-3000 Yellow, 62                            Yellow
980         Mountain-400-W Silver, 38                          Silver
981         Mountain-400-W Silver, 40                          Silver
982         Mountain-400-W Silver, 42                          Silver
983         Mountain-400-W Silver, 46                          Silver
759         Road-650 Red, 58                                   Red
760         Road-650 Red, 60                                   Red
761         Road-650 Red, 62                                   Red
762         Road-650 Red, 44                                   Red
763         Road-650 Red, 48                                   Red
764         Road-650 Red, 52                                   Red
765         Road-650 Black, 58                                 Black
766         Road-650 Black, 60                                 Black
767         Road-650 Black, 62                                 Black
768         Road-650 Black, 44                                 Black
769         Road-650 Black, 48                                 Black
770         Road-650 Black, 52                                 Black
887         HL Touring Frame - Yellow, 46                      Yellow
888         HL Touring Frame - Yellow, 50                      Yellow
889         HL Touring Frame - Yellow, 54                      Yellow
890         HL Touring Frame - Blue, 46                        Blue
891         HL Touring Frame - Blue, 50                        Blue
892         HL Touring Frame - Blue, 54                        Blue
893         HL Touring Frame - Blue, 60                        Blue
885         HL Touring Frame - Yellow, 60                      Yellow
785         Mountain-300 Black, 38                             Black
786         Mountain-300 Black, 40                             Black
787         Mountain-300 Black, 44                             Black
788         Mountain-300 Black, 48                             Black
797         Road-550-W Yellow, 38                              Yellow
798         Road-550-W Yellow, 40                              Yellow
799         Road-550-W Yellow, 42                              Yellow
800         Road-550-W Yellow, 44                              Yellow
801         Road-550-W Yellow, 48                              Yellow
970         Touring-2000 Blue, 46                              Blue
971         Touring-2000 Blue, 50                              Blue
972         Touring-2000 Blue, 54                              Blue
953         Touring-2000 Blue, 60                              Blue
743         HL Mountain Frame - Black, 42                      Black
744         HL Mountain Frame - Black, 44                      Black
745         HL Mountain Frame - Black, 48                      Black
746         HL Mountain Frame - Black, 46                      Black
747         HL Mountain Frame - Black, 38                      Black
748         HL Mountain Frame - Silver, 38                     Silver
739         HL Mountain Frame - Silver, 42                     Silver
740         HL Mountain Frame - Silver, 44                     Silver
741         HL Mountain Frame - Silver, 48                     Silver
742         HL Mountain Frame - Silver, 46                     Silver
837         HL Road Frame - Black, 62                          Black
838         HL Road Frame - Black, 44                          Black
839         HL Road Frame - Black, 48                          Black
840         HL Road Frame - Black, 52                          Black
717         HL Road Frame - Red, 62                            Red
718         HL Road Frame - Red, 44                            Red
719         HL Road Frame - Red, 48                            Red
720         HL Road Frame - Red, 52                            Red
721         HL Road Frame - Red, 56                            Red
680         HL Road Frame - Black, 58                          Black
706         HL Road Frame - Red, 58                            Red
754         Road-450 Red, 58                                   Red
755         Road-450 Red, 60                                   Red
756         Road-450 Red, 44                                   Red
757         Road-450 Red, 48                                   Red
758         Road-450 Red, 52                                   Red
973         Road-350-W Yellow, 40                              Yellow
974         Road-350-W Yellow, 42                              Yellow
975         Road-350-W Yellow, 44                              Yellow
976         Road-350-W Yellow, 48                              Yellow
782         Mountain-200 Black, 38                             Black
783         Mountain-200 Black, 42                             Black
784         Mountain-200 Black, 46                             Black
779         Mountain-200 Silver, 38                            Silver
780         Mountain-200 Silver, 42                            Silver
781         Mountain-200 Silver, 46                            Silver
966         Touring-1000 Blue, 46                              Blue
967         Touring-1000 Blue, 50                              Blue
968         Touring-1000 Blue, 54                              Blue
969         Touring-1000 Blue, 60                              Blue
954         Touring-1000 Yellow, 46                            Yellow
955         Touring-1000 Yellow, 50                            Yellow
956         Touring-1000 Yellow, 54                            Yellow
957         Touring-1000 Yellow, 60                            Yellow
789         Road-250 Red, 44                                   Red
790         Road-250 Red, 48                                   Red
791         Road-250 Red, 52                                   Red
792         Road-250 Red, 58                                   Red
793         Road-250 Black, 44                                 Black
794         Road-250 Black, 48                                 Black
795         Road-250 Black, 52                                 Black
796         Road-250 Black, 58                                 Black
775         Mountain-100 Black, 38                             Black
776         Mountain-100 Black, 42                             Black
777         Mountain-100 Black, 44                             Black
778         Mountain-100 Black, 48                             Black
771         Mountain-100 Silver, 38                            Silver
772         Mountain-100 Silver, 42                            Silver
773         Mountain-100 Silver, 44                            Silver
774         Mountain-100 Silver, 48                            Silver
749         Road-150 Red, 62                                   Red
750         Road-150 Red, 44                                   Red
751         Road-150 Red, 48                                   Red
752         Road-150 Red, 52                                   Red
753         Road-150 Red, 56                                   Red

(504 rows affected)


Completion time: 2025-12-09T09:33:37.6613166+02:00
