BusinessEntityID JobTitle                                           HireDate
---------------- -------------------------------------------------- ----------
28               Production Technician - WC60                       2006-06-30
40               Production Supervisor - WC60                       2007-12-26
3                Engineering Manager                                2007-11-11
4                Senior Tool Designer                               2007-12-05
12               Tool Designer                                      2007-12-11
16               Marketing Manager                                  2007-12-20
17               Marketing Assistant                                2007-01-26
5                Design Engineer                                    2008-01-06
6                Design Engineer                                    2008-01-24
8                Research and Development Engineer                  2008-12-29
22               Marketing Specialist                               2008-12-12
2                Vice President of Engineering                      2008-01-31
26               Production Control Manager                         2008-12-01
27               Production Supervisor - WC60                       2008-02-27
32               Production Technician - WC60                       2008-12-29
33               Production Technician - WC60                       2008-12-17
42               Production Technician - WC60                       2008-12-27
44               Production Technician - WC60                       2008-12-08
48               Production Technician - WC10                       2008-01-06
49               Production Technician - WC10                       2008-01-07
50               Production Technician - WC10                       2008-02-02
51               Production Technician - WC10                       2008-02-20
52               Production Technician - WC10                       2008-03-10
53               Production Technician - WC10                       2008-03-28
58               Production Technician - WC50                       2008-12-05
59               Production Technician - WC50                       2008-12-24
62               Production Supervisor - WC60                       2008-03-17
55               Production Supervisor - WC50                       2008-02-08
70               Production Technician - WC60                       2008-12-15
72               Production Technician - WC30                       2008-12-01
73               Production Technician - WC30                       2008-12-19
78               Production Supervisor - WC40                       2008-12-15
87               Production Supervisor - WC10                       2008-12-22
93               Production Supervisor - WC50                       2008-12-27
94               Production Technician - WC50                       2008-12-12
95               Production Technician - WC50                       2008-12-19
102              Production Supervisor - WC10                       2008-12-03
108              Production Supervisor - WC50                       2008-12-08
109              Production Technician - WC50                       2008-12-07
110              Production Technician - WC50                       2008-12-14
111              Production Technician - WC50                       2008-12-17
113              Production Technician - WC50                       2008-12-25
122              Stocker                                            2008-12-07
123              Shipping and Receiving Clerk                       2008-12-07
124              Stocker                                            2008-12-26
128              Production Technician - WC40                       2008-12-04
129              Production Technician - WC40                       2008-12-22
135              Production Technician - WC20                       2008-12-04
153              Production Technician - WC20                       2008-12-16
154              Production Technician - WC20                       2008-12-23
146              Production Technician - WC30                       2008-12-07
147              Production Technician - WC30                       2008-12-26
161              Production Technician - WC45                       2008-12-15
167              Production Technician - WC30                       2008-12-02
168              Production Technician - WC30                       2008-12-07
169              Production Technician - WC30                       2008-12-14
170              Production Technician - WC30                       2008-12-21
181              Production Technician - WC20                       2008-12-09
182              Production Technician - WC20                       2008-12-28
187              Production Technician - WC45                       2008-12-09
188              Production Technician - WC45                       2008-12-27
193              Production Technician - WC40                       2008-12-06
194              Production Technician - WC40                       2008-12-12
195              Production Technician - WC40                       2008-12-17
196              Production Technician - WC40                       2008-12-24
197              Production Technician - WC40                       2008-12-31
206              Production Technician - WC45                       2008-12-02
207              Production Technician - WC45                       2008-12-02
212              Quality Assurance Supervisor                       2008-12-09
216              Quality Assurance Technician                       2008-12-28
218              Control Specialist                                 2008-12-16
222              Master Scheduler                                   2008-12-12
228              Maintenance Supervisor                             2008-12-14
235              Human Resources Manager                            2008-12-06
239              Benefits Specialist                                2008-12-25
240              Recruiter                                          2008-12-13
242              Accounts Receivable Specialist                     2008-12-18
249              Finance Manager                                    2008-12-25
272              Application Specialist                             2008-12-23
265              Network Administrator                              2008-12-04
263              Information Services Manager                       2008-12-11
264              Network Manager                                    2009-02-04
266              Network Administrator                              2009-02-23
267              Application Specialist                             2009-02-16
268              Application Specialist                             2009-02-03
269              Application Specialist                             2009-01-11
270              Database Administrator                             2009-01-17
271              Database Administrator                             2009-01-22
21               Marketing Specialist                               2009-03-02
262              Assistant to the Chief Financial Officer           2009-01-12
243              Accounts Receivable Specialist                     2009-01-06
244              Accounts Receivable Specialist                     2009-01-24
245              Accountant                                         2009-02-18
246              Accounts Payable Specialist                        2009-02-11
247              Accounts Payable Specialist                        2009-03-01
248              Accountant                                         2009-03-08
251              Buyer                                              2009-02-10
252              Buyer                                              2009-02-28
253              Buyer                                              2009-12-17
241              Accounts Manager                                   2009-01-30
233              Facilities Administrative Assistant                2009-12-21
234              Chief Financial Officer                            2009-01-31
236              Human Resources Administrative Assistant           2009-02-25
237              Human Resources Administrative Assistant           2009-02-06
238              Recruiter                                          2009-01-01
223              Scheduling Assistant                               2009-01-26
224              Scheduling Assistant                               2009-01-07
225              Scheduling Assistant                               2009-02-13
226              Scheduling Assistant                               2009-03-03
227              Facilities Manager                                 2009-12-02
219              Document Control Assistant                         2009-01-22
220              Document Control Assistant                         2009-02-09
221              Control Specialist                                 2009-03-06
217              Document Control Manager                           2009-01-04
214              Quality Assurance Technician                       2009-02-02
215              Quality Assurance Technician                       2009-01-15
144              Production Technician - WC20                       2009-01-17
145              Production Supervisor - WC30                       2009-01-27
208              Production Technician - WC45                       2009-01-08
209              Production Technician - WC45                       2009-01-27
210              Production Technician - WC45                       2009-02-20
211              Quality Assurance Manager                          2009-02-28
198              Production Technician - WC40                       2009-01-04
199              Production Technician - WC40                       2009-01-12
200              Production Technician - WC40                       2009-01-17
201              Production Technician - WC40                       2009-01-29
202              Production Technician - WC40                       2009-02-05
203              Production Technician - WC40                       2009-02-24
204              Production Technician - WC40                       2009-03-08
205              Production Supervisor - WC45                       2009-02-26
189              Production Technician - WC45                       2009-01-15
190              Production Technician - WC45                       2009-02-02
191              Production Technician - WC45                       2009-02-26
192              Production Supervisor - WC40                       2009-03-05
183              Production Technician - WC20                       2009-01-22
184              Production Technician - WC20                       2009-02-09
185              Production Technician - WC20                       2009-02-28
186              Production Supervisor - WC45                       2009-02-08
171              Production Technician - WC30                       2009-01-02
172              Production Technician - WC30                       2009-01-16
173              Production Technician - WC30                       2009-01-21
174              Production Technician - WC30                       2009-01-27
175              Production Technician - WC30                       2009-02-02
176              Production Technician - WC30                       2009-02-14
177              Production Technician - WC30                       2009-02-21
178              Production Technician - WC30                       2009-03-03
179              Production Technician - WC30                       2009-03-05
180              Production Supervisor - WC20                       2009-02-20
162              Production Technician - WC45                       2009-01-03
163              Production Technician - WC45                       2009-02-08
164              Production Technician - WC45                       2009-03-06
165              Production Technician - WC45                       2009-01-22
166              Production Supervisor - WC30                       2009-02-21
148              Production Technician - WC30                       2009-01-14
149              Production Technician - WC30                       2009-01-31
150              Production Technician - WC30                       2009-02-26
151              Production Technician - WC30                       2009-02-19
152              Production Supervisor - WC20                       2009-02-01
155              Production Technician - WC20                       2009-01-04
156              Production Technician - WC20                       2009-01-11
157              Production Technician - WC20                       2009-02-03
158              Production Technician - WC20                       2009-03-07
159              Production Technician - WC20                       2009-02-16
160              Production Supervisor - WC45                       2009-01-21
136              Production Technician - WC20                       2009-12-11
137              Production Technician - WC20                       2009-02-23
138              Production Technician - WC20                       2009-02-04
130              Production Technician - WC40                       2009-02-13
131              Production Technician - WC40                       2009-02-15
132              Production Technician - WC40                       2009-02-22
133              Production Technician - WC40                       2009-01-10
134              Production Supervisor - WC20                       2009-01-14
125              Shipping and Receiving Clerk                       2009-01-20
126              Stocker                                            2009-02-26
127              Production Supervisor - WC40                       2009-01-03
114              Production Technician - WC50                       2009-01-13
115              Production Technician - WC50                       2009-01-20
116              Production Technician - WC50                       2009-01-31
117              Production Technician - WC50                       2009-02-18
118              Production Technician - WC50                       2009-02-13
119              Production Technician - WC50                       2009-02-25
120              Production Technician - WC50                       2009-03-04
121              Shipping and Receiving Supervisor                  2009-01-02
112              Production Technician - WC50                       2009-01-01
103              Production Technician - WC10                       2009-12-06
104              Production Technician - WC10                       2009-12-25
105              Production Technician - WC10                       2009-12-25
96               Production Technician - WC50                       2009-03-02
97               Production Technician - WC50                       2009-02-10
98               Production Technician - WC50                       2009-02-11
99               Production Technician - WC50                       2009-01-06
100              Production Technician - WC50                       2009-01-12
101              Production Technician - WC50                       2009-01-25
88               Production Technician - WC10                       2009-12-18
85               Production Technician - WC40                       2009-12-11
86               Production Technician - WC40                       2009-01-05
74               Production Technician - WC30                       2009-01-07
75               Production Technician - WC30                       2009-01-26
76               Production Technician - WC30                       2009-02-12
77               Production Technician - WC30                       2009-03-03
81               Production Technician - WC40                       2009-12-29
71               Production Supervisor - WC30                       2009-02-15
56               Production Technician - WC50                       2009-02-05
57               Production Technician - WC50                       2009-02-23
66               Production Technician - WC60                       2009-12-22
67               Production Technician - WC60                       2009-03-05
68               Production Technician - WC60                       2009-12-03
69               Production Technician - WC60                       2009-02-15
60               Production Technician - WC50                       2009-01-11
61               Production Technician - WC50                       2009-01-18
45               Production Technician - WC60                       2009-02-26
46               Production Technician - WC60                       2009-02-08
47               Production Supervisor - WC10                       2009-02-22
43               Production Technician - WC60                       2009-01-02
41               Production Technician - WC60                       2009-01-21
29               Production Technician - WC60                       2009-01-23
30               Production Technician - WC60                       2009-01-29
31               Production Technician - WC60                       2009-01-04
34               Production Technician - WC60                       2009-02-16
35               Production Technician - WC60                       2009-02-08
36               Production Technician - WC60                       2009-02-10
37               Production Technician - WC60                       2009-03-07
1                Chief Executive Officer                            2009-01-14
23               Marketing Specialist                               2009-01-12
24               Marketing Specialist                               2009-01-18
25               Vice President of Production                       2009-02-03
9                Research and Development Engineer                  2009-01-16
10               Research and Development Manager                   2009-05-03
7                Research and Development Manager                   2009-02-08
11               Senior Tool Designer                               2010-12-05
13               Tool Designer                                      2010-12-23
14               Senior Design Engineer                             2010-12-30
38               Production Technician - WC60                       2010-01-16
39               Production Technician - WC60                       2010-02-05
54               Production Technician - WC10                       2010-01-01
63               Production Technician - WC60                       2010-01-29
64               Production Technician - WC60                       2010-02-23
65               Production Technician - WC60                       2010-02-23
82               Production Technician - WC40                       2010-03-03
83               Production Technician - WC40                       2010-02-12
84               Production Technician - WC40                       2010-02-05
79               Production Technician - WC40                       2010-01-24
80               Production Technician - WC40                       2010-01-17
89               Production Technician - WC10                       2010-02-01
90               Production Technician - WC10                       2010-02-20
91               Production Technician - WC10                       2010-01-12
92               Production Technician - WC10                       2010-03-10
106              Production Technician - WC10                       2010-02-27
107              Production Technician - WC10                       2010-02-08
139              Production Technician - WC20                       2010-01-06
140              Production Technician - WC20                       2010-01-22
141              Production Technician - WC20                       2010-01-24
142              Production Technician - WC20                       2010-03-04
143              Production Technician - WC20                       2010-02-13
213              Quality Assurance Technician                       2010-02-23
229              Janitor                                            2010-02-16
230              Janitor                                            2010-03-05
231              Janitor                                            2010-03-07
232              Janitor                                            2010-01-27
254              Buyer                                              2010-01-04
255              Buyer                                              2010-01-11
256              Buyer                                              2010-01-23
257              Buyer                                              2010-01-27
258              Buyer                                              2010-01-31
259              Buyer                                              2010-03-09
260              Purchasing Assistant                               2010-12-06
261              Purchasing Assistant                               2010-12-25
250              Purchasing Manager                                 2011-02-25
273              Vice President of Sales                            2011-02-15
274              North American Sales Manager                       2011-01-04
275              Sales Representative                               2011-05-31
276              Sales Representative                               2011-05-31
277              Sales Representative                               2011-05-31
278              Sales Representative                               2011-05-31
279              Sales Representative                               2011-05-31
280              Sales Representative                               2011-05-31
281              Sales Representative                               2011-05-31
282              Sales Representative                               2011-05-31
283              Sales Representative                               2011-05-31
15               Design Engineer                                    2011-01-18
18               Marketing Specialist                               2011-02-07
19               Marketing Assistant                                2011-02-14
20               Marketing Assistant                                2011-01-07
284              Sales Representative                               2012-09-30
287              European Sales Manager                             2012-04-16
289              Sales Representative                               2012-05-30
290              Sales Representative                               2012-05-30
288              Sales Representative                               2013-05-30
285              Pacific Sales Manager                              2013-03-14
286              Sales Representative                               2013-05-30

(290 rows affected)


Completion time: 2025-12-10T09:02:28.0978310+02:00
