SalesPersonID CustomerID  sum_subtotal
------------- ----------- ---------------------
NULL          NULL        80487704,1832
274           NULL        1092123,8561
274           29491       33406,7043
274           29493       2146,962
274           29514       3405,1668
274           29523       34349,2656
274           29576       53,994
274           29579       35331,66
274           29604       647,994
274           29605       29482,0603
274           29616       138046,3212
274           29617       198993,3507
274           29623       1946,022
274           29650       83,988
274           29666       15842,6141
274           29669       3962,2441
274           29671       11802,564
274           29675       4254,45
274           29680       2709,6518
274           29691       209,256
274           29707       79994,1743
274           29716       61206,4782
274           29719       971,982
274           29722       125422,2078
274           29755       12206,364
274           29758       1376,994
274           29764       4194,589
274           29771       2927,7262
274           29788       1466,01
274           29792       23097,0182
274           29803       8141,376
274           29806       2321,262
274           29818       20544,7015
274           29826       383,052
274           29832       469,794
274           29849       600,2625
274           29865       5255,3088
274           29867       40,373
274           29949       2458,9178
274           29987       70731,3713
274           29992       42653,9411
274           29996       48693,9751
274           30024       4424,94
274           30068       37,254
274           30075       29524,0501
274           30096       26305,4643
275           NULL        9293903,0046
275           29486       204639,1576
275           29487       59625,6677
275           29491       53863,4443
275           29492       140110,3209
275           29498       3302,3018
275           29508       4995,60
275           29509       193989,2216
275           29523       256388,5623
275           29524       181062,7128
275           29528       784,2007
275           29533       37582,1847
275           29535       9061,4658
275           29536       383,052
275           29543       50790,9013
275           29553       21244,542
275           29554       11073,2885
275           29555       13333,5348
275           29566       26558,922
275           29569       14432,0108
275           29570       33553,9166
275           29574       10713,7184
275           29581       92166,2331
275           29583       1130,418
275           29590       2554,0856
275           29591       18520,2608
275           29592       41616,0073
275           29593       19984,3396
275           29594       175183,0232
275           29600       15123,4776
275           29610       15408,1598
275           29616       279278,1038
275           29619       1770,2352
275           29633       14049,2365
275           29635       13412,9021
275           29637       204947,2625
275           29646       375100,3084
275           29647       116919,6668
275           29651       221020,6791
275           29654       24892,2376
275           29655       51648,4807
275           29658       74795,7569
275           29659       540,8362
275           29663       17810,061
275           29664       42676,974
275           29669       17306,979
275           29675       29398,3486
275           29684       30349,579
275           29688       9212,4174
275           29701       246607,153
275           29702       198526,8091
275           29707       103299,6849
275           29718       88146,3331
275           29724       192386,1121
275           29726       1409,382
275           29731       27928,6941
275           29732       207923,1201
275           29738       185859,5956
275           29743       39,066
275           29746       152741,1932
275           29758       2472,3107
275           29759       32646,3226
275           29764       1320,282
275           29765       2391,4815
275           29772       389208,6639
275           29782       339,7375
275           29791       55710,7042
275           29792       190699,4786
275           29811       131256,9622
275           29819       1416,985
275           29827       437319,784
275           29828       79068,9464
275           29836       124044,2903
275           29838       379,467
275           29844       171698,1794
275           29848       3560,952
275           29850       7436,268
275           29854       6407,892
275           29866       323,994
275           29872       507,048
275           29884       67,539
275           29886       57,6808
275           29891       66444,6801
275           29902       920,448
275           29920       1955,9128
275           29930       45,00
275           29937       46091,1292
275           29943       2930,5488
275           29947       85689,2397
275           29948       9969,0468
275           29954       66291,371
275           29955       213921,8275
275           29956       204139,2003
275           29961       66310,0704
275           29962       5423,1949
275           29966       306800,8675
275           29973       23238,7649
275           29974       41,994
275           29996       36304,538
275           30003       2572,8878
275           30008       11142,60
275           30009       32359,7808
275           30023       4111,8027
275           30032       2472,3107
275           30035       18772,6824
275           30039       38635,8464
275           30046       338620,2812
275           30055       194887,6734
275           30060       90424,2938
275           30061       12071,3124
275           30065       77937,3125
275           30085       306,8661
275           30091       84948,75
275           30095       134395,2135
275           30096       33299,5504
275           30106       12344,9068
275           30109       119714,521
275           30117       463030,757
275           30118       207828,9131
276           NULL        10367007,4265
276           29485       112888,6664
276           29505       149,031
276           29511       144735,2227
276           29522       492362,7634
276           29525       261522,3269
276           29531       100495,4498
276           29565       4918,5235
276           29568       14175,7189
276           29573       6221,0526
276           29584       5776,9527
276           29636       19957,4547
276           29638       2676,654
276           29650       1440,762
276           29653       54331,8352
276           29660       182025,0622
276           29662       6417,1108
276           29673       22340,7593
276           29703       413054,8167
276           29710       243014,5498
276           29733       1440,8086
276           29739       114294,4289
276           29744       399011,9463
276           29757       58236,0665
276           29763       91,176
276           29768       419,4589
276           29771       4852,6126
276           29781       29527,9976
276           29783       309077,4104
276           29784       83292,2089
276           29788       3896,5598
276           29793       268209,286
276           29818       856562,4908
276           29826       6564,483
276           29847       2803,9816
276           29853       311446,431
276           29862       183,9382
276           29865       63236,7894
276           29871       21287,0581
276           29877       58775,069
276           29883       87201,3143
276           29901       427890,8367
276           29913       671618,0295
276           29919       456739,4746
276           29924       572035,1121
276           29929       349342,1078
276           29935       268660,7965
276           29938       372146,7266
276           29944       7719,6876
276           29949       2581,3063
276           29957       636226,4698
276           29975       45287,6826
276           29982       31751,7763
276           29987       284410,6094
276           30012       11346,8814
276           30022       31900,0983
276           30027       22523,1819
276           30028       11739,8794
276           30033       4481,4769
276           30036       1220,4564
276           30040       939,588
276           30047       28933,9561
276           30052       19413,9889
276           30056       140874,514
276           30089       5227,494
276           30094       338939,2001
276           30100       88310,8179
276           30107       577089,5723
276           30110       1625,2755
276           30116       187114,2011
277           NULL        10065803,5404
277           29486       314772,1988
277           29487       8315,5256
277           29492       20,52
277           29498       1876,3107
277           29501       8799,1298
277           29508       4082,8705
277           29509       105541,2647
277           29517       15973,3035
277           29523       327878,3004
277           29528       143325,666
277           29533       45264,0556
277           29535       4980,6154
277           29536       590,6142
277           29543       234085,1698
277           29551       126693,2422
277           29554       3931,746
277           29555       323,994
277           29569       6907,3039
277           29570       21336,6553
277           29574       7686,8721
277           29581       2207,7691
277           29583       2254,9498
277           29590       6332,3935
277           29592       65975,6617
277           29593       2023,476
277           29594       182525,7515
277           29600       2458,9178
277           29610       912,2613
277           29616       200016,0329
277           29619       4246,0723
277           29633       17911,0997
277           29635       10398,3536
277           29637       157051,7956
277           29646       352172,3409
277           29647       240133,2695
277           29651       171763,9235
277           29654       19676,5737
277           29658       217433,7836
277           29659       43370,3162
277           29663       24006,6567
277           29668       419,4589
277           29669       16019,952
277           29674       2414,8467
277           29675       7913,151
277           29684       51785,9977
277           29688       245,3904
277           29694       4466,8308
277           29701       499710,3763
277           29702       197340,4635
277           29707       233408,8697
277           29708       61616,5168
277           29718       2617,875
277           29724       201874,5759
277           29726       396,072
277           29731       23874,4474
277           29732       70489,6809
277           29743       2479,4378
277           29746       29989,054
277           29752       2917,9404
277           29758       159,558
277           29764       3482,9452
277           29765       1530,798
277           29769       81372,2259
277           29772       197316,2835
277           29774       175502,1574
277           29782       300,2438
277           29792       80593,3108
277           29801       24342,4729
277           29811       20074,0934
277           29819       2103,1842
277           29820       106971,4343
277           29827       274544,9784
277           29828       79102,534
277           29836       134932,3906
277           29838       3175,5001
277           29844       230410,2924
277           29859       5146,3219
277           29861       408483,4465
277           29866       40257,1833
277           29872       8548,2423
277           29891       181924,1367
277           29902       794,2467
277           29906       87491,355
277           29916       239853,119
277           29920       1575,5912
277           29930       1893,9202
277           29937       92325,0186
277           29947       135199,609
277           29954       113539,9798
277           29955       159736,6382
277           29956       89689,9865
277           29961       4583,7757
277           29962       5175,3476
277           29966       230727,2283
277           29967       146233,5598
277           29973       7114,449
277           29974       77426,5988
277           29996       201646,6254
277           30002       1893,504
277           30003       8144,976
277           30009       92601,4475
277           30014       68431,0817
277           30023       5904,5399
277           30039       10981,9439
277           30046       79816,2487
277           30054       17623,2972
277           30055       79507,8803
277           30060       55832,2803
277           30065       210889,7973
277           30078       1,374
277           30081       149,874
277           30085       4071,8548
277           30090       83457,1089
277           30091       3297,1227
277           30095       94024,7324
277           30096       72119,304
277           30106       88858,6768
277           30109       216687,1397
277           30111       276526,4031
277           30117       353724,8193
277           30118       70739,6569
278           NULL        3609447,2148
278           29503       10237,7845
278           29515       289489,2037
278           29530       11035,8233
278           29539       59958,0273
278           29544       59324,4988
278           29548       4537,6374
278           29557       197801,056
278           29577       65140,3868
278           29601       269007,3018
278           29627       249295,548
278           29649       261429,7732
278           29666       45853,95
278           29671       34814,104
278           29699       112263,7268
278           29705       482738,7049
278           29755       12029,9521
278           29761       60430,2789
278           29766       1399,788
278           29789       278198,2232
278           29822       250219,2785
278           29824       88724,6287
278           29830       34022,1735
278           29831       352,386
278           29881       2225,328
278           29911       128376,1096
278           29946       153402,3663
278           29959       6287,7839
278           29964       141941,6477
278           29969       24970,5401
278           29971       8476,683
278           30010       1294,2529
278           30016       1229,4589
278           30037       45502,9712
278           30053       5641,2108
278           30058       11138,7305
278           30087       102230,4119
278           30093       98367,4156
278           30098       58,069
279           NULL        7171012,7501
279           29484       131102,9823
279           29493       3523,2641
279           29500       130597,7762
279           29504       158899,1488
279           29507       446013,5351
279           29513       194423,137
279           29514       3895,662
279           29518       12343,8207
279           29519       21860,136
279           29520       42650,3953
279           29534       112651,9883
279           29540       53376,3911
279           29549       212208,8366
279           29561       154826,7083
279           29563       184837,3299
279           29572       17433,196
279           29578       323,994
279           29597       10135,8348
279           29604       2400,597
279           29621       6214,259
279           29624       431991,55
279           29626       12634,9793
279           29640       3611,2395
279           29642       122360,6645
279           29661       76463,8734
279           29667       47318,0679
279           29672       2845,7809
279           29678       25242,5317
279           29681       12790,0805
279           29685       120347,3236
279           29691       20301,479
279           29697       722,5949
279           29704       334662,9859
279           29715       853849,1795
279           29721       40221,1014
279           29729       323,994
279           29749       137715,8538
279           29756       8537,4448
279           29762       29518,9672
279           29767       24,294
279           29798       66265,5107
279           29804       18055,392
279           29808       11250,2604
279           29814       22181,729
279           29817       120639,5433
279           29825       422706,6023
279           29833       5751,6151
279           29841       112448,431
279           29846       101000,4248
279           29849       4691,1811
279           29880       193708,595
279           29882       2254,7753
279           29888       395413,1309
279           29896       293610,7156
279           29912       81838,6037
279           29945       165815,3344
279           29958       154348,9886
279           29963       223285,3949
279           29968       149121,222
279           29976       17162,9517
279           29993       1772,4316
279           29999       1615,2174
279           30011       83359,9455
279           30013       15007,2845
279           30017       14603,1194
279           30041       2418,8216
279           30057       5090,4704
279           30062       1066,446
279           30068       1022,856
279           30075       219854,6337
279           30077       165,231
279           30084       8288,7638
279           30088       72698,1611
279           30099       1295,988
280           NULL        3325102,5941
280           29497       551769,5547
280           29559       443316,1126
280           29571       61344,2542
280           29582       153310,5787
280           29588       1654,4458
280           29611       9127,8241
280           29617       214646,1726
280           29643       204203,3695
280           29709       6700,1106
280           29742       138840,8436
280           29773       85177,0812
280           29775       65,6018
280           29843       215977,9623
280           29858       2790,7539
280           29867       86,5212
280           29873       6066,4671
280           29898       148837,6949
280           29903       3147,5673
280           29915       166748,3347
280           29921       193258,6708
280           29925       161840,7856
280           29953       40399,5779
280           29981       24361,1395
280           30004       107761,3089
280           30018       1261,4082
280           30045       48541,8313
280           30070       213751,9967
280           30105       26523,0027
280           30112       93591,6217
281           NULL        6427005,554
281           29489       380454,0325
281           29496       95228,2242
281           29506       28016,6979
281           29521       184846,2361
281           29560       316323,8118
281           29562       585516,4328
281           29579       248973,9701
281           29598       41195,5525
281           29605       218418,7057
281           29623       8709,408
281           29631       26844,251
281           29641       534956,2785
281           29682       11934,6698
281           29686       28783,5448
281           29690       415310,5504
281           29696       86197,0946
281           29716       632296,007
281           29720       147887,6819
281           29728       1778,4284
281           29748       131600,9354
281           29799       43699,0952
281           29805       60119,3149
281           29809       94534,8418
281           29815       86177,847
281           29834       424512,6949
281           29842       138868,2962
281           29889       286972,0865
281           29893       1020,594
281           29897       38782,4965
281           29914       5925,7862
281           29992       386396,9318
281           29998       354805,2477
281           30063       107115,3313
281           30069       4636,422
281           30076       268166,0546
282           NULL        5926418,3555
282           29494       8852,5709
282           29510       125357,0395
282           29541       2082,6748
282           29546       424539,5829
282           29558       34537,698
282           29587       354607,325
282           29596       36649,9908
282           29612       2157,888
282           29614       188175,2292
282           29615       299985,1979
282           29618       239719,3847
282           29620       44740,368
282           29639       171109,149
282           29644       7183,5787
282           29680       46787,562
282           29698       74435,7785
282           29711       8129,976
282           29713       5179,8109
282           29714       93863,6918
282           29722       259817,2205
282           29734       131384,5529
282           29736       249978,6535
282           29740       62428,6039
282           29741       1424,4864
282           29776       103282,8152
282           29778       44990,0055
282           29785       1775,5745
282           29794       71252,8201
282           29796       282701,3221
282           29803       19883,4755
282           29807       69150,3094
282           29813       48761,856
282           29851       7047,5964
282           29855       2024,994
282           29857       2446,3776
282           29860       200,052
282           29868       13219,944
282           29874       22606,1047
282           29892       99117,8591
282           29904       302043,7728
282           29905       1258,3767
282           29908       465,90
282           29922       83859,5266
282           29926       2932,02
282           29932       201888,6633
282           29941       156957,166
282           29950       112884,2841
282           29952       7695,7047
282           29978       443,97
282           29980       1618,393
282           29985       39918,3923
282           29988       4985,7584
282           29990       4008,6327
282           29994       146247,7214
282           30005       47804,172
282           30019       20651,9628
282           30025       59,334
282           30030       45457,2774
282           30042       7828,176
282           30044       88664,2223
282           30050       487736,3382
282           30067       128181,7859
282           30072       340,152
282           30074       86786,0701
282           30102       6278,4211
282           30104       4647,151
282           30113       273185,8908
283           NULL        3729945,349
283           29490       6587,3763
283           29497       149034,2307
283           29502       1146,246
283           29532       2485,7036
283           29550       216653,6231
283           29580       724299,6365
283           29585       419,4589
283           29599       6962,3778
283           29606       14237,0464
283           29622       231593,6394
283           29632       44945,4675
283           29683       40268,8978
283           29689       532224,7572
283           29695       208802,8732
283           29717       78538,6919
283           29719       6672,0142
283           29727       178066,6501
283           29747       18521,2815
283           29753       8477,6171
283           29787       148659,2722
283           29800       16169,8899
283           29806       7208,7615
283           29810       109764,0706
283           29816       25199,4994
283           29835       5229,2128
283           29885       387118,3508
283           29890       13137,3691
283           29915       5479,3966
283           29997       536546,1195
283           30064       4204,0294
283           30080       1291,788
284           NULL        2312545,69
284           29545       249,54
284           29571       33977,4478
284           29588       13664,7757
284           29617       327346,3105
284           29645       147421,7513
284           29709       32471,3025
284           29737       148098,2923
284           29775       7795,023
284           29858       107,988
284           29867       17193,4383
284           29873       34081,5628
284           29903       11231,3295
284           29907       112900,2479
284           29925       472,506
284           29931       115533,2759
284           29936       4708,4929
284           29942       148588,0527
284           29953       90549,5166
284           29981       61286,2973
284           29991       5575,2477
284           30004       1313,4469
284           30018       1741,7946
284           30024       5924,1855
284           30031       10355,1349
284           30034       24684,15
284           30045       99242,3832
284           30051       163851,8865
284           30071       161109,3682
284           30105       146705,2917
284           30112       384365,6498
285           NULL        172524,4512
285           29488       57771,7641
285           29512       6001,368
285           29556       2860,884
285           29602       3490,608
285           29652       3671,958
285           29657       1376,994
285           29665       752,634
285           29700       54,942
285           29754       2860,884
285           29821       27568,494
285           29823       31604,671
285           29829       445,41
285           29972       17746,2521
285           30015       16317,588
286           NULL        1421810,9242
286           29488       163398,0204
286           29512       1336,23
286           29516       3303,8978
286           29529       9413,352
286           29537       3009,54
286           29538       67406,0456
286           29547       3288,918
286           29556       8815,452
286           29595       116300,9473
286           29602       4915,8612
286           29628       145380,1284
286           29648       3405,0733
286           29652       7077,39
286           29656       39071,4759
286           29657       753,768
286           29665       8849,334
286           29670       30845,6092
286           29700       2795,556
286           29706       148996,5064
286           29760       4631,0749
286           29790       200,052
286           29821       77952,3876
286           29823       73985,46
286           29829       2223,7009
286           29960       4257,6168
286           29965       6678,108
286           29970       26661,6301
286           29972       43874,01
286           30015       42746,2971
286           30038       2983,0189
286           30059       145407,7394
286           30092       115085,6352
286           30097       106761,0878
287           NULL        732759,1841
287           29546       49862,2699
287           29609       68473,2873
287           29618       69956,4514
287           29630       65,6018
287           29736       71774,1812
287           29745       647,988
287           29786       24617,2453
287           29837       6177,1958
287           29845       1701,486
287           29869       7547,1616
287           29917       116744,64
287           29922       33631,8982
287           29926       356,898
287           29927       2774,9475
287           29977       1544,97
287           29979       10284,1936
287           29985       22461,7288
287           29986       8724,1741
287           29990       672,294
287           30005       49369,2512
287           30019       1502,9869
287           30020       13938,87
287           30026       6556,47
287           30030       15470,5925
287           30044       53170,0479
287           30050       71884,6078
287           30066       283,9489
287           30073       21595,368
287           30104       968,4284
288           NULL        1827066,7118
288           29495       3372,3384
288           29526       56130,0691
288           29542       5404,2048
288           29552       132143,7063
288           29586       44976,5567
288           29589       197327,5851
288           29607       228,582
288           29609       117743,7808
288           29634       30648,0939
288           29676       12649,61
288           29679       8644,6718
288           29687       26427,372
288           29693       272052,2257
288           29723       1528,2776
288           29725       153764,3534
288           29745       15391,941
288           29751       1344,588
288           29802       144,00
288           29812       7557,8132
288           29837       9204,4732
288           29839       3192,3709
288           29845       4682,514
288           29878       29218,3574
288           29887       8582,946
288           29894       116553,24
288           29917       103752,0488
288           29995       337756,7316
288           30001       1538,172
288           30066       1563,114
288           30079       1525,392
288           30082       117328,4561
288           30086       4689,126
289           NULL        8503338,6457
289           29494       7372,4441
289           29499       234957,3217
289           29527       18001,7208
289           29541       1892,5972
289           29558       11231,8817
289           29567       2999,466
289           29576       7723,8791
289           29603       2612,256
289           29608       196449,4375
289           29614       611102,6658
289           29620       21452,8488
289           29625       169212,2207
289           29629       343349,7833
289           29639       616663,8948
289           29677       35248,765
289           29680       12311,9187
289           29692       325022,9127
289           29698       215723,1491
289           29711       5297,718
289           29714       290530,3238
289           29722       456669,3424
289           29730       11038,0303
289           29734       285268,9292
289           29740       2271,864
289           29750       18030,7282
289           29770       443861,8244
289           29780       49438,8177
289           29785       265,50
289           29797       52301,5365
289           29803       66347,3514
289           29832       198,036
289           29840       1691,88
289           29852       714,5072
289           29855       1439,1808
289           29863       12224,879
289           29864       8399,9938
289           29870       672,294
289           29876       19151,57
289           29879       29651,1109
289           29892       2753,3675
289           29895       318177,5925
289           29900       758,9395
289           29910       292234,8548
289           29918       125793,7992
289           29928       91879,124
289           29934       202,332
289           29939       10044,0915
289           29950       284668,9866
289           29983       18779,8251
289           29988       16841,6623
289           29994       584550,9925
289           30000       472819,0537
289           30007       26778,0142
289           30021       11277,198
289           30029       60761,5522
289           30042       4228,0684
289           30048       602559,8925
289           30067       264314,093
289           30074       371587,1186
289           30083       200013,366
289           30108       144602,5816
289           30115       8917,5594
290           NULL        4509888,9311
290           29564       283745,8828
290           29575       381,192
290           29613       28198,3467
290           29630       3683,532
290           29712       580222,3284
290           29735       1718,088
290           29777       2074,698
290           29779       39484,3157
290           29786       185077,9005
290           29795       147554,8321
290           29856       54633,6577
290           29869       20938,5025
290           29875       8075,4331
290           29899       132838,368
290           29909       253972,8578
290           29923       436921,6548
290           29927       1681,584
290           29933       560,352
290           29940       391040,5893
290           29951       99968,7104
290           29977       11183,352
290           29979       23890,728
290           29984       20417,2598
290           29986       26980,5748
290           29989       1732,734
290           30006       2165,7889
290           30020       52187,4459
290           30026       81892,4526
290           30043       320221,5495
290           30049       409287,8016
290           30073       83793,7379
290           30101       147963,7934
290           30103       643745,8958
290           30114       11652,9911

(878 rows affected)


Completion time: 2025-12-04T09:35:36.6740264+02:00
